<?xml version="1.0" encoding="UTF-8"?>
<TestRun id="e731f004-796a-4753-8055-919ef748ede8" name="Ohad@DESKTOP-MPHVNNV 2017-09-17 00:04:44" runUser="DESKTOP-MPHVNNV\Ohad" xmlns="http://microsoft.com/schemas/VisualStudio/TeamTest/2010">
  <TestSettings name="Default Test Settings" id="93676418-9a58-4b46-bb49-061720560de9">
    <Execution>
      <TestTypeSpecific />
      <AgentRule name="Execution Agents">
      </AgentRule>
    </Execution>
    <Deployment runDeploymentRoot="Ohad_DESKTOP-MPHVNNV 2017-09-17 00_04_44" />
    <Properties />
  </TestSettings>
  <Times creation="2017-09-17T00:04:44.0078565+03:00" queuing="2017-09-17T00:04:44.9280857+03:00" start="2017-09-17T00:04:45.1082552+03:00" finish="2017-09-17T00:04:52.6582604+03:00" />
  <ResultSummary outcome="Completed">
    <Counters total="1" executed="1" passed="1" error="0" failed="0" timeout="0" aborted="0" inconclusive="0" passedButRunAborted="0" notRunnable="0" notExecuted="0" disconnected="0" warning="0" completed="0" inProgress="0" pending="0" />
  </ResultSummary>
  <TestDefinitions>
    <UnitTest name="AddActionTest" storage="c:\users\ohad\documents\visual studio 2015\projects\calculatorcodeduiproj\calculatorcodeduiproj\bin\debug\calculatorcodeduiproj.dll" id="4266a4a3-5f1e-8f95-7020-84ee195fbbc8">
      <Execution id="fe576457-15b7-4c75-9ec9-3c05a8d88f69" />
      <TestMethod codeBase="C:/Users/Ohad/Documents/Visual Studio 2015/Projects/CalculatorCodedUIProj/CalculatorCodedUIProj/bin/Debug/CalculatorCodedUIProj.DLL" adapterTypeName="Microsoft.VisualStudio.TestTools.TestTypes.Unit.UnitTestAdapter, Microsoft.VisualStudio.QualityTools.Tips.UnitTest.Adapter, Version=14.0.0.0, Culture=neutral, PublicKeyToken=b03f5f7f11d50a3a" className="CalculatorCodedUIProj.CalculatorCUIT, CalculatorCodedUIProj, Version=1.0.0.0, Culture=neutral, PublicKeyToken=null" name="AddActionTest" />
      <Extension>Microsoft.VisualStudio.TestTools.UITesting.CodedUITestAttribute, Microsoft.VisualStudio.QualityTools.CodedUITestFramework, Version=14.0.0.0, Culture=neutral, PublicKeyToken=b03f5f7f11d50a3a</Extension>
    </UnitTest>
  </TestDefinitions>
  <TestLists>
    <TestList name="Results Not in a List" id="8c84fa94-04c1-424b-9868-57a2d4851a1d" />
    <TestList name="All Loaded Results" id="19431567-8539-422a-85d7-44ee4e166bda" />
  </TestLists>
  <TestEntries>
    <TestEntry testId="4266a4a3-5f1e-8f95-7020-84ee195fbbc8" executionId="fe576457-15b7-4c75-9ec9-3c05a8d88f69" testListId="8c84fa94-04c1-424b-9868-57a2d4851a1d" />
  </TestEntries>
  <Results>
    <UnitTestResult executionId="fe576457-15b7-4c75-9ec9-3c05a8d88f69" testId="4266a4a3-5f1e-8f95-7020-84ee195fbbc8" testName="AddActionTest" computerName="DESKTOP-MPHVNNV" duration="00:00:03.9384345" startTime="2017-09-17T00:04:45.2119664+03:00" endTime="2017-09-17T00:04:50.1536266+03:00" testType="13cdc9d9-ddb5-4fa4-a97d-d965ccfc6d4b" outcome="Passed" testListId="8c84fa94-04c1-424b-9868-57a2d4851a1d" relativeResultsDirectory="fe576457-15b7-4c75-9ec9-3c05a8d88f69">
    </UnitTestResult>
  </Results>
</TestRun>