<?xml version="1.0" encoding="UTF-8"?>
<TestRun id="799b16cf-aa94-4b00-8c0e-d316edad8164" name="Ohad@DESKTOP-MPHVNNV 2017-09-17 00:20:29" runUser="DESKTOP-MPHVNNV\Ohad" xmlns="http://microsoft.com/schemas/VisualStudio/TeamTest/2010">
  <TestSettings name="Default Test Settings" id="afe90011-5ed5-4ced-814d-7098d33688df">
    <Execution>
      <TestTypeSpecific />
      <AgentRule name="Execution Agents">
      </AgentRule>
    </Execution>
    <Deployment runDeploymentRoot="Ohad_DESKTOP-MPHVNNV 2017-09-17 00_20_29" />
    <Properties />
  </TestSettings>
  <Times creation="2017-09-17T00:20:29.4028157+03:00" queuing="2017-09-17T00:20:30.0499120+03:00" start="2017-09-17T00:20:30.2280292+03:00" finish="2017-09-17T00:20:35.4584360+03:00" />
  <ResultSummary outcome="Completed">
    <Counters total="1" executed="1" passed="1" error="0" failed="0" timeout="0" aborted="0" inconclusive="0" passedButRunAborted="0" notRunnable="0" notExecuted="0" disconnected="0" warning="0" completed="0" inProgress="0" pending="0" />
  </ResultSummary>
  <TestDefinitions>
    <UnitTest name="AddActionTest" storage="c:\users\ohad\documents\visual studio 2015\projects\calculatorcodeduiproj\calculatorcodeduiproj\bin\debug\calculatorcodeduiproj.dll" id="4266a4a3-5f1e-8f95-7020-84ee195fbbc8">
      <Execution id="5b75437e-eba3-407d-bc90-4890ed2900aa" />
      <TestMethod codeBase="C:/Users/Ohad/Documents/Visual Studio 2015/Projects/CalculatorCodedUIProj/CalculatorCodedUIProj/bin/Debug/CalculatorCodedUIProj.DLL" adapterTypeName="Microsoft.VisualStudio.TestTools.TestTypes.Unit.UnitTestAdapter, Microsoft.VisualStudio.QualityTools.Tips.UnitTest.Adapter, Version=14.0.0.0, Culture=neutral, PublicKeyToken=b03f5f7f11d50a3a" className="CalculatorCodedUIProj.CalculatorCUIT, CalculatorCodedUIProj, Version=1.0.0.0, Culture=neutral, PublicKeyToken=null" name="AddActionTest" />
      <Extension>Microsoft.VisualStudio.TestTools.UITesting.CodedUITestAttribute, Microsoft.VisualStudio.QualityTools.CodedUITestFramework, Version=14.0.0.0, Culture=neutral, PublicKeyToken=b03f5f7f11d50a3a</Extension>
    </UnitTest>
  </TestDefinitions>
  <TestLists>
    <TestList name="Results Not in a List" id="8c84fa94-04c1-424b-9868-57a2d4851a1d" />
    <TestList name="All Loaded Results" id="19431567-8539-422a-85d7-44ee4e166bda" />
  </TestLists>
  <TestEntries>
    <TestEntry testId="4266a4a3-5f1e-8f95-7020-84ee195fbbc8" executionId="5b75437e-eba3-407d-bc90-4890ed2900aa" testListId="8c84fa94-04c1-424b-9868-57a2d4851a1d" />
  </TestEntries>
  <Results>
    <UnitTestResult executionId="5b75437e-eba3-407d-bc90-4890ed2900aa" testId="4266a4a3-5f1e-8f95-7020-84ee195fbbc8" testName="AddActionTest" computerName="DESKTOP-MPHVNNV" duration="00:00:02.0391255" startTime="2017-09-17T00:20:30.3281239+03:00" endTime="2017-09-17T00:20:33.3238824+03:00" testType="13cdc9d9-ddb5-4fa4-a97d-d965ccfc6d4b" outcome="Passed" testListId="8c84fa94-04c1-424b-9868-57a2d4851a1d" relativeResultsDirectory="5b75437e-eba3-407d-bc90-4890ed2900aa">
    </UnitTestResult>
  </Results>
</TestRun>